This is pdfTeX, Version 3.14159265-2.6-1.40.21 (TeX Live 2020) (preloaded format=pdflatex 2021.5.15)  18 MAY 2021 22:04
entering extended mode
 restricted \write18 enabled.
 file:line:error style messages enabled.
 %&-line parsing enabled.
**/home/nico/Documents/github/safe-devicelocatorui/documentation/latex/safe-devicelocatorui.tex
(/home/nico/Documents/github/safe-devicelocatorui/documentation/latex/safe-devicelocatorui.tex
LaTeX2e <2020-02-02> patch level 5
L3 programming layer <2020-04-06> (/usr/share/texlive/texmf-dist/tex/latex/base/report.cls
Document Class: report 2019/12/20 v1.4l Standard LaTeX document class
(/usr/share/texlive/texmf-dist/tex/latex/base/size10.clo
File: size10.clo 2019/12/20 v1.4l Standard LaTeX file (size option)
)
\c@part=\count167
\c@chapter=\count168
\c@section=\count169
\c@subsection=\count170
\c@subsubsection=\count171
\c@paragraph=\count172
\c@subparagraph=\count173
\c@figure=\count174
\c@table=\count175
\abovecaptionskip=\skip47
\belowcaptionskip=\skip48
\bibindent=\dimen134
) (/usr/share/texlive/texmf-dist/tex/latex/biblatex/biblatex.sty
Package: biblatex 2019/12/01 v3.14 programmable bibliographies (PK/MW)
 (/usr/share/texlive/texmf-dist/tex/latex/pdftexcmds/pdftexcmds.sty
Package: pdftexcmds 2019/11/24 v0.31 Utility functions of pdfTeX for LuaTeX (HO)
 (/usr/share/texlive/texmf-dist/tex/generic/infwarerr/infwarerr.sty
Package: infwarerr 2019/12/03 v1.5 Providing info/warning/error messages (HO)
) (/usr/share/texlive/texmf-dist/tex/generic/iftex/iftex.sty
Package: iftex 2020/03/06 v1.0d TeX engine tests
) (/usr/share/texlive/texmf-dist/tex/generic/ltxcmds/ltxcmds.sty
Package: ltxcmds 2019/12/15 v1.24 LaTeX kernel commands for general use (HO)
)
Package pdftexcmds Info: \pdf@primitive is available.
Package pdftexcmds Info: \pdf@ifprimitive is available.
Package pdftexcmds Info: \pdfdraftmode found.
) (/usr/share/texlive/texmf-dist/tex/latex/etoolbox/etoolbox.sty
Package: etoolbox 2019/09/21 v2.5h e-TeX tools for LaTeX (JAW)
\etb@tempcnta=\count176
) (/usr/share/texlive/texmf-dist/tex/latex/graphics/keyval.sty
Package: keyval 2014/10/28 v1.15 key=value parser (DPC)
\KV@toks@=\toks15
) (/usr/share/texlive/texmf-dist/tex/latex/kvoptions/kvoptions.sty
Package: kvoptions 2019/11/29 v3.13 Key value format for package options (HO)
 (/usr/share/texlive/texmf-dist/tex/generic/kvsetkeys/kvsetkeys.sty
Package: kvsetkeys 2019/12/15 v1.18 Key value parser (HO)
)) (/usr/share/texlive/texmf-dist/tex/latex/logreq/logreq.sty
Package: logreq 2010/08/04 v1.0 xml request logger
\lrq@indent=\count177
 (/usr/share/texlive/texmf-dist/tex/latex/logreq/logreq.def
File: logreq.def 2010/08/04 v1.0 logreq spec v1.0
)) (/usr/share/texlive/texmf-dist/tex/latex/base/ifthen.sty
Package: ifthen 2014/09/29 v1.1c Standard LaTeX ifthen package (DPC)
) (/usr/share/texlive/texmf-dist/tex/latex/url/url.sty
\Urlmuskip=\muskip16
Package: url 2013/09/16  ver 3.4  Verb mode for urls, etc.
)
\c@tabx@nest=\count178
\c@listtotal=\count179
\c@listcount=\count180
\c@liststart=\count181
\c@liststop=\count182
\c@citecount=\count183
\c@citetotal=\count184
\c@multicitecount=\count185
\c@multicitetotal=\count186
\c@instcount=\count187
\c@maxnames=\count188
\c@minnames=\count189
\c@maxitems=\count190
\c@minitems=\count191
\c@citecounter=\count192
\c@maxcitecounter=\count193
\c@savedcitecounter=\count194
\c@uniquelist=\count195
\c@uniquename=\count196
\c@refsection=\count197
\c@refsegment=\count198
\c@maxextratitle=\count199
\c@maxextratitleyear=\count266
\c@maxextraname=\count267
\c@maxextradate=\count268
\c@maxextraalpha=\count269
\c@abbrvpenalty=\count270
\c@highnamepenalty=\count271
\c@lownamepenalty=\count272
\c@maxparens=\count273
\c@parenlevel=\count274
\blx@tempcnta=\count275
\blx@tempcntb=\count276
\blx@tempcntc=\count277
\blx@maxsection=\count278
\blx@maxsegment@0=\count279
\blx@notetype=\count280
\blx@parenlevel@text=\count281
\blx@parenlevel@foot=\count282
\blx@sectionciteorder@0=\count283
\blx@entrysetcounter=\count284
\labelnumberwidth=\skip49
\labelalphawidth=\skip50
\biblabelsep=\skip51
\bibitemsep=\skip52
\bibnamesep=\skip53
\bibinitsep=\skip54
\bibparsep=\skip55
\bibhang=\skip56
\blx@bcfin=\read2
\blx@bcfout=\write3
\blx@langwohyphens=\language85
\c@mincomprange=\count285
\c@maxcomprange=\count286
\c@mincompwidth=\count287
Package biblatex Info: Trying to load biblatex default data model...
Package biblatex Info: ... file 'blx-dm.def' found.
 (/usr/share/texlive/texmf-dist/tex/latex/biblatex/blx-dm.def
File: blx-dm.def 2019/12/01 v3.14 biblatex localization (PK/MW)
)
Package biblatex Info: Trying to load biblatex custom data model...
Package biblatex Info: ... file 'biblatex-dm.cfg' not found.
\c@afterword=\count288
\c@savedafterword=\count289
\c@annotator=\count290
\c@savedannotator=\count291
\c@author=\count292
\c@savedauthor=\count293
\c@bookauthor=\count294
\c@savedbookauthor=\count295
\c@commentator=\count296
\c@savedcommentator=\count297
\c@editor=\count298
\c@savededitor=\count299
\c@editora=\count300
\c@savededitora=\count301
\c@editorb=\count302
\c@savededitorb=\count303
\c@editorc=\count304
\c@savededitorc=\count305
\c@foreword=\count306
\c@savedforeword=\count307
\c@holder=\count308
\c@savedholder=\count309
\c@introduction=\count310
\c@savedintroduction=\count311
\c@namea=\count312
\c@savednamea=\count313
\c@nameb=\count314
\c@savednameb=\count315
\c@namec=\count316
\c@savednamec=\count317
\c@translator=\count318
\c@savedtranslator=\count319
\c@shortauthor=\count320
\c@savedshortauthor=\count321
\c@shorteditor=\count322
\c@savedshorteditor=\count323
\c@labelname=\count324
\c@savedlabelname=\count325
\c@institution=\count326
\c@savedinstitution=\count327
\c@lista=\count328
\c@savedlista=\count329
\c@listb=\count330
\c@savedlistb=\count331
\c@listc=\count332
\c@savedlistc=\count333
\c@listd=\count334
\c@savedlistd=\count335
\c@liste=\count336
\c@savedliste=\count337
\c@listf=\count338
\c@savedlistf=\count339
\c@location=\count340
\c@savedlocation=\count341
\c@organization=\count342
\c@savedorganization=\count343
\c@origlocation=\count344
\c@savedoriglocation=\count345
\c@origpublisher=\count346
\c@savedorigpublisher=\count347
\c@publisher=\count348
\c@savedpublisher=\count349
\c@language=\count350
\c@savedlanguage=\count351
\c@origlanguage=\count352
\c@savedoriglanguage=\count353
\c@pageref=\count354
\c@savedpageref=\count355
\shorthandwidth=\skip57
\shortjournalwidth=\skip58
\shortserieswidth=\skip59
\shorttitlewidth=\skip60
\shortauthorwidth=\skip61
\shorteditorwidth=\skip62
\locallabelnumberwidth=\skip63
\locallabelalphawidth=\skip64
\localshorthandwidth=\skip65
\localshortjournalwidth=\skip66
\localshortserieswidth=\skip67
\localshorttitlewidth=\skip68
\localshortauthorwidth=\skip69
\localshorteditorwidth=\skip70
Package biblatex Info: Trying to load compatibility code...
Package biblatex Info: ... file 'blx-compat.def' found.
 (/usr/share/texlive/texmf-dist/tex/latex/biblatex/blx-compat.def
File: blx-compat.def 2019/12/01 v3.14 biblatex compatibility (PK/MW)
)
Package biblatex Info: Trying to load generic definitions...
Package biblatex Info: ... file 'biblatex.def' found.
 (/usr/share/texlive/texmf-dist/tex/latex/biblatex/biblatex.def
File: biblatex.def 2019/12/01 v3.14 biblatex compatibility (PK/MW)
\c@textcitecount=\count356
\c@textcitetotal=\count357
\c@textcitemaxnames=\count358
\c@biburlbigbreakpenalty=\count359
\c@biburlbreakpenalty=\count360
\c@biburlnumpenalty=\count361
\c@biburlucpenalty=\count362
\c@biburllcpenalty=\count363
\biburlbigskip=\muskip17
\biburlnumskip=\muskip18
\biburlucskip=\muskip19
\biburllcskip=\muskip20
\c@smartand=\count364
)
Package biblatex Info: Trying to load bibliography style 'numeric'...
Package biblatex Info: ... file 'numeric.bbx' found.
 (/usr/share/texlive/texmf-dist/tex/latex/biblatex/bbx/numeric.bbx
File: numeric.bbx 2019/12/01 v3.14 biblatex bibliography style (PK/MW)
Package biblatex Info: Trying to load bibliography style 'standard'...
Package biblatex Info: ... file 'standard.bbx' found.
 (/usr/share/texlive/texmf-dist/tex/latex/biblatex/bbx/standard.bbx
File: standard.bbx 2019/12/01 v3.14 biblatex bibliography style (PK/MW)
\c@bbx:relatedcount=\count365
\c@bbx:relatedtotal=\count366
))
Package biblatex Info: Trying to load citation style 'numeric'...
Package biblatex Info: ... file 'numeric.cbx' found.
 (/usr/share/texlive/texmf-dist/tex/latex/biblatex/cbx/numeric.cbx
File: numeric.cbx 2019/12/01 v3.14 biblatex citation style (PK/MW)
Package biblatex Info: Redefining '\cite'.
Package biblatex Info: Redefining '\parencite'.
Package biblatex Info: Redefining '\footcite'.
Package biblatex Info: Redefining '\footcitetext'.
Package biblatex Info: Redefining '\smartcite'.
Package biblatex Info: Redefining '\supercite'.
Package biblatex Info: Redefining '\textcite'.
Package biblatex Info: Redefining '\textcites'.
Package biblatex Info: Redefining '\cites'.
Package biblatex Info: Redefining '\parencites'.
Package biblatex Info: Redefining '\smartcites'.
)
Package biblatex Info: Trying to load configuration file...
Package biblatex Info: ... file 'biblatex.cfg' found.
 (/usr/share/texlive/texmf-dist/tex/latex/biblatex/biblatex.cfg
File: biblatex.cfg 
)) (/usr/share/texlive/texmf-dist/tex/latex/base/fontenc.sty
Package: fontenc 2020/02/11 v2.0o Standard LaTeX package
) (/usr/share/texlive/texmf-dist/tex/latex/base/inputenc.sty
Package: inputenc 2018/08/11 v1.3c Input encoding file
\inpenc@prehook=\toks16
\inpenc@posthook=\toks17
) (/usr/share/texlive/texmf-dist/tex/generic/babel/babel.sty
Package: babel 2020/03/22 3.42 The Babel package
 (/usr/share/texlive/texmf-dist/tex/generic/babel/switch.def
File: switch.def 2020/03/22 3.42 Babel switching mechanism
) (/usr/share/texlive/texmf-dist/tex/generic/babel-italian/italian.ldf
Language: italian 2019/11/16 v.1.4.03 Italian support for the babel system
 (/usr/share/texlive/texmf-dist/tex/generic/babel/babel.def
File: babel.def 2020/03/22 3.42 Babel common definitions
\babel@savecnt=\count367
\U@D=\dimen135
 (/usr/share/texlive/texmf-dist/tex/generic/babel/txtbabel.def)
\bbl@readstream=\read3
\bbl@dirlevel=\count368
)
\it@lettering=\count369
\it@doublequoteactive=\count370
\it@ISOcompliance=\count371
)) (/usr/share/texlive/texmf-dist/tex/latex/csquotes/csquotes.sty
Package: csquotes 2019-12-06 v5.2j context-sensitive quotations (JAW)
\csq@reset=\count372
\csq@gtype=\count373
\csq@glevel=\count374
\csq@qlevel=\count375
\csq@maxlvl=\count376
\csq@tshold=\count377
\csq@ltx@everypar=\toks18
 (/usr/share/texlive/texmf-dist/tex/latex/csquotes/csquotes.def
File: csquotes.def 2019-12-06 v5.2j csquotes generic definitions (JAW)
)
Package csquotes Info: Trying to load configuration file 'csquotes.cfg'...
Package csquotes Info: ... configuration file loaded successfully.
 (/usr/share/texlive/texmf-dist/tex/latex/csquotes/csquotes.cfg
File: csquotes.cfg 
)) (/usr/share/texlive/texmf-dist/tex/latex/enumitem/enumitem.sty
Package: enumitem 2019/06/20 v3.9 Customized lists
\labelindent=\skip71
\enit@outerparindent=\dimen136
\enit@toks=\toks19
\enit@inbox=\box45
\enit@count@id=\count378
\enitdp@description=\count379
) (/usr/share/texlive/texmf-dist/tex/latex/menukeys/menukeys.sty
Package: menukeys 2016/08/08 v1.5 -- A package to format menus, paths and shortcuts
 (/usr/share/texlive/texmf-dist/tex/latex/l3packages/xparse/xparse.sty (/usr/share/texlive/texmf-dist/tex/latex/l3kernel/expl3.sty
Package: expl3 2020-04-06 L3 programming layer (loader) 
 (/usr/share/texlive/texmf-dist/tex/latex/l3backend/l3backend-pdfmode.def
File: l3backend-pdfmode.def 2020-03-12 L3 backend support: PDF mode
\l__kernel_color_stack_int=\count380
\l__pdf_internal_box=\box46
))
Package: xparse 2020-03-06 L3 Experimental document command parser
\l__xparse_current_arg_int=\count381
\g__xparse_grabber_int=\count382
\l__xparse_m_args_int=\count383
\l__xparse_v_nesting_int=\count384
) (/usr/share/texlive/texmf-dist/tex/generic/xstring/xstring.sty (/usr/share/texlive/texmf-dist/tex/generic/xstring/xstring.tex
\integerpart=\count385
\decimalpart=\count386
)
Package: xstring 2019/02/06 v1.83 String manipulations (CT)
) (/usr/share/texlive/texmf-dist/tex/latex/pgf/frontendlayer/tikz.sty (/usr/share/texlive/texmf-dist/tex/latex/pgf/basiclayer/pgf.sty (/usr/share/texlive/texmf-dist/tex/latex/pgf/utilities/pgfrcs.sty (/usr/share/texlive/texmf-dist/tex/generic/pgf/utilities/pgfutil-common.tex
\pgfutil@everybye=\toks20
\pgfutil@tempdima=\dimen137
\pgfutil@tempdimb=\dimen138
 (/usr/share/texlive/texmf-dist/tex/generic/pgf/utilities/pgfutil-common-lists.tex)) (/usr/share/texlive/texmf-dist/tex/generic/pgf/utilities/pgfutil-latex.def
\pgfutil@abb=\box47
 (/usr/share/texlive/texmf-dist/tex/latex/ms/everyshi.sty
Package: everyshi 2001/05/15 v3.00 EveryShipout Package (MS)
)) (/usr/share/texlive/texmf-dist/tex/generic/pgf/utilities/pgfrcs.code.tex (/usr/share/texlive/texmf-dist/tex/generic/pgf/pgf.revision.tex)
Package: pgfrcs 2020/01/08 v3.1.5b (3.1.5b)
))
Package: pgf 2020/01/08 v3.1.5b (3.1.5b)
 (/usr/share/texlive/texmf-dist/tex/latex/pgf/basiclayer/pgfcore.sty (/usr/share/texlive/texmf-dist/tex/latex/graphics/graphicx.sty
Package: graphicx 2019/11/30 v1.2a Enhanced LaTeX Graphics (DPC,SPQR)
 (/usr/share/texlive/texmf-dist/tex/latex/graphics/graphics.sty
Package: graphics 2019/11/30 v1.4a Standard LaTeX Graphics (DPC,SPQR)
 (/usr/share/texlive/texmf-dist/tex/latex/graphics/trig.sty
Package: trig 2016/01/03 v1.10 sin cos tan (DPC)
) (/usr/share/texlive/texmf-dist/tex/latex/graphics-cfg/graphics.cfg
File: graphics.cfg 2016/06/04 v1.11 sample graphics configuration
)
Package graphics Info: Driver file: pdftex.def on input line 105.
 (/usr/share/texlive/texmf-dist/tex/latex/graphics-def/pdftex.def
File: pdftex.def 2018/01/08 v1.0l Graphics/color driver for pdftex
))
\Gin@req@height=\dimen139
\Gin@req@width=\dimen140
) (/usr/share/texlive/texmf-dist/tex/latex/pgf/systemlayer/pgfsys.sty (/usr/share/texlive/texmf-dist/tex/generic/pgf/systemlayer/pgfsys.code.tex
Package: pgfsys 2020/01/08 v3.1.5b (3.1.5b)
 (/usr/share/texlive/texmf-dist/tex/generic/pgf/utilities/pgfkeys.code.tex
\pgfkeys@pathtoks=\toks21
\pgfkeys@temptoks=\toks22
 (/usr/share/texlive/texmf-dist/tex/generic/pgf/utilities/pgfkeysfiltered.code.tex
\pgfkeys@tmptoks=\toks23
))
\pgf@x=\dimen141
\pgf@y=\dimen142
\pgf@xa=\dimen143
\pgf@ya=\dimen144
\pgf@xb=\dimen145
\pgf@yb=\dimen146
\pgf@xc=\dimen147
\pgf@yc=\dimen148
\pgf@xd=\dimen149
\pgf@yd=\dimen150
\w@pgf@writea=\write4
\r@pgf@reada=\read4
\c@pgf@counta=\count387
\c@pgf@countb=\count388
\c@pgf@countc=\count389
\c@pgf@countd=\count390
\t@pgf@toka=\toks24
\t@pgf@tokb=\toks25
\t@pgf@tokc=\toks26
\pgf@sys@id@count=\count391
 (/usr/share/texlive/texmf-dist/tex/generic/pgf/systemlayer/pgf.cfg
File: pgf.cfg 2020/01/08 v3.1.5b (3.1.5b)
)
Driver file for pgf: pgfsys-pdftex.def
 (/usr/share/texlive/texmf-dist/tex/generic/pgf/systemlayer/pgfsys-pdftex.def
File: pgfsys-pdftex.def 2020/01/08 v3.1.5b (3.1.5b)
 (/usr/share/texlive/texmf-dist/tex/generic/pgf/systemlayer/pgfsys-common-pdf.def
File: pgfsys-common-pdf.def 2020/01/08 v3.1.5b (3.1.5b)
))) (/usr/share/texlive/texmf-dist/tex/generic/pgf/systemlayer/pgfsyssoftpath.code.tex
File: pgfsyssoftpath.code.tex 2020/01/08 v3.1.5b (3.1.5b)
\pgfsyssoftpath@smallbuffer@items=\count392
\pgfsyssoftpath@bigbuffer@items=\count393
) (/usr/share/texlive/texmf-dist/tex/generic/pgf/systemlayer/pgfsysprotocol.code.tex
File: pgfsysprotocol.code.tex 2020/01/08 v3.1.5b (3.1.5b)
)) (/usr/share/texlive/texmf-dist/tex/latex/xcolor/xcolor.sty
Package: xcolor 2016/05/11 v2.12 LaTeX color extensions (UK)
 (/usr/share/texlive/texmf-dist/tex/latex/graphics-cfg/color.cfg
File: color.cfg 2016/01/02 v1.6 sample color configuration
)
Package xcolor Info: Driver file: pdftex.def on input line 225.
Package xcolor Info: Model `cmy' substituted by `cmy0' on input line 1348.
Package xcolor Info: Model `hsb' substituted by `rgb' on input line 1352.
Package xcolor Info: Model `RGB' extended on input line 1364.
Package xcolor Info: Model `HTML' substituted by `rgb' on input line 1366.
Package xcolor Info: Model `Hsb' substituted by `hsb' on input line 1367.
Package xcolor Info: Model `tHsb' substituted by `hsb' on input line 1368.
Package xcolor Info: Model `HSB' substituted by `hsb' on input line 1369.
Package xcolor Info: Model `Gray' substituted by `gray' on input line 1370.
Package xcolor Info: Model `wave' substituted by `hsb' on input line 1371.
) (/usr/share/texlive/texmf-dist/tex/generic/pgf/basiclayer/pgfcore.code.tex
Package: pgfcore 2020/01/08 v3.1.5b (3.1.5b)
 (/usr/share/texlive/texmf-dist/tex/generic/pgf/math/pgfmath.code.tex (/usr/share/texlive/texmf-dist/tex/generic/pgf/math/pgfmathcalc.code.tex (/usr/share/texlive/texmf-dist/tex/generic/pgf/math/pgfmathutil.code.tex) (/usr/share/texlive/texmf-dist/tex/generic/pgf/math/pgfmathparser.code.tex
\pgfmath@dimen=\dimen151
\pgfmath@count=\count394
\pgfmath@box=\box48
\pgfmath@toks=\toks27
\pgfmath@stack@operand=\toks28
\pgfmath@stack@operation=\toks29
) (/usr/share/texlive/texmf-dist/tex/generic/pgf/math/pgfmathfunctions.code.tex (/usr/share/texlive/texmf-dist/tex/generic/pgf/math/pgfmathfunctions.basic.code.tex) (/usr/share/texlive/texmf-dist/tex/generic/pgf/math/pgfmathfunctions.trigonometric.code.tex) (/usr/share/texlive/texmf-dist/tex/generic/pgf/math/pgfmathfunctions.random.code.tex) (/usr/share/texlive/texmf-dist/tex/generic/pgf/math/pgfmathfunctions.comparison.code.tex) (/usr/share/texlive/texmf-dist/tex/generic/pgf/math/pgfmathfunctions.base.code.tex) (/usr/share/texlive/texmf-dist/tex/generic/pgf/math/pgfmathfunctions.round.code.tex) (/usr/share/texlive/texmf-dist/tex/generic/pgf/math/pgfmathfunctions.misc.code.tex) (/usr/share/texlive/texmf-dist/tex/generic/pgf/math/pgfmathfunctions.integerarithmetics.code.tex))) (/usr/share/texlive/texmf-dist/tex/generic/pgf/math/pgfmathfloat.code.tex
\c@pgfmathroundto@lastzeros=\count395
)) (/usr/share/texlive/texmf-dist/tex/generic/pgf/math/pgfint.code.tex) (/usr/share/texlive/texmf-dist/tex/generic/pgf/basiclayer/pgfcorepoints.code.tex
File: pgfcorepoints.code.tex 2020/01/08 v3.1.5b (3.1.5b)
\pgf@picminx=\dimen152
\pgf@picmaxx=\dimen153
\pgf@picminy=\dimen154
\pgf@picmaxy=\dimen155
\pgf@pathminx=\dimen156
\pgf@pathmaxx=\dimen157
\pgf@pathminy=\dimen158
\pgf@pathmaxy=\dimen159
\pgf@xx=\dimen160
\pgf@xy=\dimen161
\pgf@yx=\dimen162
\pgf@yy=\dimen163
\pgf@zx=\dimen164
\pgf@zy=\dimen165
) (/usr/share/texlive/texmf-dist/tex/generic/pgf/basiclayer/pgfcorepathconstruct.code.tex
File: pgfcorepathconstruct.code.tex 2020/01/08 v3.1.5b (3.1.5b)
\pgf@path@lastx=\dimen166
\pgf@path@lasty=\dimen167
) (/usr/share/texlive/texmf-dist/tex/generic/pgf/basiclayer/pgfcorepathusage.code.tex
File: pgfcorepathusage.code.tex 2020/01/08 v3.1.5b (3.1.5b)
\pgf@shorten@end@additional=\dimen168
\pgf@shorten@start@additional=\dimen169
) (/usr/share/texlive/texmf-dist/tex/generic/pgf/basiclayer/pgfcorescopes.code.tex
File: pgfcorescopes.code.tex 2020/01/08 v3.1.5b (3.1.5b)
\pgfpic=\box49
\pgf@hbox=\box50
\pgf@layerbox@main=\box51
\pgf@picture@serial@count=\count396
) (/usr/share/texlive/texmf-dist/tex/generic/pgf/basiclayer/pgfcoregraphicstate.code.tex
File: pgfcoregraphicstate.code.tex 2020/01/08 v3.1.5b (3.1.5b)
\pgflinewidth=\dimen170
) (/usr/share/texlive/texmf-dist/tex/generic/pgf/basiclayer/pgfcoretransformations.code.tex
File: pgfcoretransformations.code.tex 2020/01/08 v3.1.5b (3.1.5b)
\pgf@pt@x=\dimen171
\pgf@pt@y=\dimen172
\pgf@pt@temp=\dimen173
) (/usr/share/texlive/texmf-dist/tex/generic/pgf/basiclayer/pgfcorequick.code.tex
File: pgfcorequick.code.tex 2020/01/08 v3.1.5b (3.1.5b)
) (/usr/share/texlive/texmf-dist/tex/generic/pgf/basiclayer/pgfcoreobjects.code.tex
File: pgfcoreobjects.code.tex 2020/01/08 v3.1.5b (3.1.5b)
) (/usr/share/texlive/texmf-dist/tex/generic/pgf/basiclayer/pgfcorepathprocessing.code.tex
File: pgfcorepathprocessing.code.tex 2020/01/08 v3.1.5b (3.1.5b)
) (/usr/share/texlive/texmf-dist/tex/generic/pgf/basiclayer/pgfcorearrows.code.tex
File: pgfcorearrows.code.tex 2020/01/08 v3.1.5b (3.1.5b)
\pgfarrowsep=\dimen174
) (/usr/share/texlive/texmf-dist/tex/generic/pgf/basiclayer/pgfcoreshade.code.tex
File: pgfcoreshade.code.tex 2020/01/08 v3.1.5b (3.1.5b)
\pgf@max=\dimen175
\pgf@sys@shading@range@num=\count397
\pgf@shadingcount=\count398
) (/usr/share/texlive/texmf-dist/tex/generic/pgf/basiclayer/pgfcoreimage.code.tex
File: pgfcoreimage.code.tex 2020/01/08 v3.1.5b (3.1.5b)
 (/usr/share/texlive/texmf-dist/tex/generic/pgf/basiclayer/pgfcoreexternal.code.tex
File: pgfcoreexternal.code.tex 2020/01/08 v3.1.5b (3.1.5b)
\pgfexternal@startupbox=\box52
)) (/usr/share/texlive/texmf-dist/tex/generic/pgf/basiclayer/pgfcorelayers.code.tex
File: pgfcorelayers.code.tex 2020/01/08 v3.1.5b (3.1.5b)
) (/usr/share/texlive/texmf-dist/tex/generic/pgf/basiclayer/pgfcoretransparency.code.tex
File: pgfcoretransparency.code.tex 2020/01/08 v3.1.5b (3.1.5b)
) (/usr/share/texlive/texmf-dist/tex/generic/pgf/basiclayer/pgfcorepatterns.code.tex
File: pgfcorepatterns.code.tex 2020/01/08 v3.1.5b (3.1.5b)
) (/usr/share/texlive/texmf-dist/tex/generic/pgf/basiclayer/pgfcorerdf.code.tex
File: pgfcorerdf.code.tex 2020/01/08 v3.1.5b (3.1.5b)
))) (/usr/share/texlive/texmf-dist/tex/generic/pgf/modules/pgfmoduleshapes.code.tex
File: pgfmoduleshapes.code.tex 2020/01/08 v3.1.5b (3.1.5b)
\pgfnodeparttextbox=\box53
) (/usr/share/texlive/texmf-dist/tex/generic/pgf/modules/pgfmoduleplot.code.tex
File: pgfmoduleplot.code.tex 2020/01/08 v3.1.5b (3.1.5b)
) (/usr/share/texlive/texmf-dist/tex/latex/pgf/compatibility/pgfcomp-version-0-65.sty
Package: pgfcomp-version-0-65 2020/01/08 v3.1.5b (3.1.5b)
\pgf@nodesepstart=\dimen176
\pgf@nodesepend=\dimen177
) (/usr/share/texlive/texmf-dist/tex/latex/pgf/compatibility/pgfcomp-version-1-18.sty
Package: pgfcomp-version-1-18 2020/01/08 v3.1.5b (3.1.5b)
)) (/usr/share/texlive/texmf-dist/tex/latex/pgf/utilities/pgffor.sty (/usr/share/texlive/texmf-dist/tex/latex/pgf/utilities/pgfkeys.sty (/usr/share/texlive/texmf-dist/tex/generic/pgf/utilities/pgfkeys.code.tex)) (/usr/share/texlive/texmf-dist/tex/latex/pgf/math/pgfmath.sty (/usr/share/texlive/texmf-dist/tex/generic/pgf/math/pgfmath.code.tex)) (/usr/share/texlive/texmf-dist/tex/generic/pgf/utilities/pgffor.code.tex
Package: pgffor 2020/01/08 v3.1.5b (3.1.5b)
 (/usr/share/texlive/texmf-dist/tex/generic/pgf/math/pgfmath.code.tex)
\pgffor@iter=\dimen178
\pgffor@skip=\dimen179
\pgffor@stack=\toks30
\pgffor@toks=\toks31
)) (/usr/share/texlive/texmf-dist/tex/generic/pgf/frontendlayer/tikz/tikz.code.tex
Package: tikz 2020/01/08 v3.1.5b (3.1.5b)
 (/usr/share/texlive/texmf-dist/tex/generic/pgf/libraries/pgflibraryplothandlers.code.tex
File: pgflibraryplothandlers.code.tex 2020/01/08 v3.1.5b (3.1.5b)
\pgf@plot@mark@count=\count399
\pgfplotmarksize=\dimen180
)
\tikz@lastx=\dimen181
\tikz@lasty=\dimen182
\tikz@lastxsaved=\dimen183
\tikz@lastysaved=\dimen184
\tikz@lastmovetox=\dimen185
\tikz@lastmovetoy=\dimen186
\tikzleveldistance=\dimen187
\tikzsiblingdistance=\dimen188
\tikz@figbox=\box54
\tikz@figbox@bg=\box55
\tikz@tempbox=\box56
\tikz@tempbox@bg=\box57
\tikztreelevel=\count400
\tikznumberofchildren=\count401
\tikznumberofcurrentchild=\count402
\tikz@fig@count=\count403
 (/usr/share/texlive/texmf-dist/tex/generic/pgf/modules/pgfmodulematrix.code.tex
File: pgfmodulematrix.code.tex 2020/01/08 v3.1.5b (3.1.5b)
\pgfmatrixcurrentrow=\count404
\pgfmatrixcurrentcolumn=\count405
\pgf@matrix@numberofcolumns=\count406
)
\tikz@expandcount=\count407
 (/usr/share/texlive/texmf-dist/tex/generic/pgf/frontendlayer/tikz/libraries/tikzlibrarytopaths.code.tex
File: tikzlibrarytopaths.code.tex 2020/01/08 v3.1.5b (3.1.5b)
))) (/usr/share/texlive/texmf-dist/tex/generic/pgf/frontendlayer/tikz/libraries/tikzlibrarycalc.code.tex
File: tikzlibrarycalc.code.tex 2020/01/08 v3.1.5b (3.1.5b)
) (/usr/share/texlive/texmf-dist/tex/generic/pgf/frontendlayer/tikz/libraries/tikzlibraryshapes.symbols.code.tex
File: tikzlibraryshapes.symbols.code.tex 2020/01/08 v3.1.5b (3.1.5b)
 (/usr/share/texlive/texmf-dist/tex/generic/pgf/libraries/shapes/pgflibraryshapes.symbols.code.tex
File: pgflibraryshapes.symbols.code.tex 2020/01/08 v3.1.5b (3.1.5b)
)) (/usr/share/texlive/texmf-dist/tex/generic/pgf/frontendlayer/tikz/libraries/tikzlibraryshadows.code.tex
File: tikzlibraryshadows.code.tex 2020/01/08 v3.1.5b (3.1.5b)
 (/usr/share/texlive/texmf-dist/tex/generic/pgf/frontendlayer/tikz/libraries/tikzlibraryfadings.code.tex
File: tikzlibraryfadings.code.tex 2020/01/08 v3.1.5b (3.1.5b)
 (/usr/share/texlive/texmf-dist/tex/generic/pgf/libraries/pgflibraryfadings.code.tex
File: pgflibraryfadings.code.tex 2020/01/08 v3.1.5b (3.1.5b)
))) (/usr/share/texlive/texmf-dist/tex/latex/adjustbox/adjustbox.sty
Package: adjustbox 2019/01/04 v1.2 Adjusting TeX boxes (trim, clip, ...)
 (/usr/share/texlive/texmf-dist/tex/latex/xkeyval/xkeyval.sty
Package: xkeyval 2014/12/03 v2.7a package option processing (HA)
 (/usr/share/texlive/texmf-dist/tex/generic/xkeyval/xkeyval.tex (/usr/share/texlive/texmf-dist/tex/generic/xkeyval/xkvutils.tex
\XKV@toks=\toks32
\XKV@tempa@toks=\toks33
)
\XKV@depth=\count408
File: xkeyval.tex 2014/12/03 v2.7a key=value parser (HA)
)) (/usr/share/texlive/texmf-dist/tex/latex/adjustbox/adjcalc.sty
Package: adjcalc 2012/05/16 v1.1 Provides advanced setlength with multiple back-ends (calc, etex, pgfmath)
) (/usr/share/texlive/texmf-dist/tex/latex/adjustbox/trimclip.sty
Package: trimclip 2018/04/08 v1.1 Trim and clip general TeX material
 (/usr/share/texlive/texmf-dist/tex/latex/collectbox/collectbox.sty
Package: collectbox 2012/05/17 v0.4b Collect macro arguments as boxes
\collectedbox=\box58
)
\tc@llx=\dimen189
\tc@lly=\dimen190
\tc@urx=\dimen191
\tc@ury=\dimen192
Package trimclip Info: Using driver 'tc-pdftex.def'.
 (/usr/share/texlive/texmf-dist/tex/latex/adjustbox/tc-pdftex.def
File: tc-pdftex.def 2019/01/04 v2.2 Clipping driver for pdftex
))
\adjbox@Width=\dimen193
\adjbox@Height=\dimen194
\adjbox@Depth=\dimen195
\adjbox@Totalheight=\dimen196
\adjbox@pwidth=\dimen197
\adjbox@pheight=\dimen198
\adjbox@pdepth=\dimen199
\adjbox@ptotalheight=\dimen256
 (/usr/share/texlive/texmf-dist/tex/latex/ifoddpage/ifoddpage.sty
Package: ifoddpage 2016/04/23 v1.1 Conditionals for odd/even page detection
\c@checkoddpage=\count409
) (/usr/share/texlive/texmf-dist/tex/latex/varwidth/varwidth.sty
Package: varwidth 2009/03/30 ver 0.92;  Variable-width minipages
\@vwid@box=\box59
\sift@deathcycles=\count410
\@vwid@loff=\dimen257
\@vwid@roff=\dimen258
)) (/usr/share/texlive/texmf-dist/tex/latex/relsize/relsize.sty
Package: relsize 2013/03/29 ver 4.1
) (/usr/share/texlive/texmf-dist/tex/latex/catoptions/catoptions.sty
\m@one=\count411
\z@pt=\dimen259
Package: catoptions 2014/08/29 v0.2.7h Securing catcodes and parsing options (AM)
\cpt@csvdepth=\count412
\cpt@optdepth=\count413
\cpt@cnta=\count414
\indrisdepth=\count415
\cpt@foreachdepth=\count416
\cpt@exprcnt=\count417
)
\c@tw@hyphen@char@num=\count418
)
Package csquotes Info: Checking for multilingual support...
Package csquotes Info: ... found 'babel' package.
Package csquotes Info: Adjusting default style.
Package csquotes Info: Redefining alias 'default' -> 'italian'.
 (./safe-devicelocatorui.aux)
\openout1 = `safe-devicelocatorui.aux'.

LaTeX Font Info:    Checking defaults for OML/cmm/m/it on input line 10.
LaTeX Font Info:    ... okay on input line 10.
LaTeX Font Info:    Checking defaults for OMS/cmsy/m/n on input line 10.
LaTeX Font Info:    ... okay on input line 10.
LaTeX Font Info:    Checking defaults for OT1/cmr/m/n on input line 10.
LaTeX Font Info:    ... okay on input line 10.
LaTeX Font Info:    Checking defaults for T1/cmr/m/n on input line 10.
LaTeX Font Info:    ... okay on input line 10.
LaTeX Font Info:    Checking defaults for TS1/cmr/m/n on input line 10.
LaTeX Font Info:    ... okay on input line 10.
LaTeX Font Info:    Checking defaults for OMX/cmex/m/n on input line 10.
LaTeX Font Info:    ... okay on input line 10.
LaTeX Font Info:    Checking defaults for U/cmr/m/n on input line 10.
LaTeX Font Info:    ... okay on input line 10.
Package biblatex Info: Trying to load language 'italian'...
Package biblatex Info: ... file 'italian.lbx' found.
 (/usr/share/texlive/texmf-dist/tex/latex/biblatex/lbx/italian.lbx
File: italian.lbx 2019/12/01 v3.14 biblatex localization (PK/MW)
)
Package biblatex Info: Input encoding 'utf8' detected.
Package biblatex Info: Automatic encoding selection.
(biblatex)             Assuming data encoding 'utf8'.
\openout3 = `safe-devicelocatorui.bcf'.

Package biblatex Info: Trying to load bibliographic data...
Package biblatex Info: ... file 'safe-devicelocatorui.bbl' found.
 (./safe-devicelocatorui.bbl)
Package biblatex Info: Reference section=0 on input line 10.
Package biblatex Info: Reference segment=0 on input line 10.
LaTeX Info: Redefining \it@ocap on input line 10.
LaTeX Info: Redefining \it@ccap on input line 10.
 ABD: EveryShipout initializing macros (/usr/share/texlive/texmf-dist/tex/context/base/mkii/supp-pdf.mkii
[Loading MPS to PDF converter (version 2006.09.02).]
\scratchcounter=\count419
\scratchdimen=\dimen260
\scratchbox=\box60
\nofMPsegments=\count420
\nofMParguments=\count421
\everyMPshowfont=\toks34
\MPscratchCnt=\count422
\MPscratchDim=\dimen261
\MPnumerator=\count423
\makeMPintoPDFobject=\count424
\everyMPtoPDFconversion=\toks35
) (/usr/share/texlive/texmf-dist/tex/latex/epstopdf-pkg/epstopdf-base.sty
Package: epstopdf-base 2020-01-24 v2.11 Base part for package epstopdf
Package epstopdf-base Info: Redefining graphics rule for `.eps' on input line 485.
 (/usr/share/texlive/texmf-dist/tex/latex/latexconfig/epstopdf-sys.cfg
File: epstopdf-sys.cfg 2010/07/13 v1.3 Configuration of (r)epstopdf for TeX Live
))
LaTeX Font Info:    External font `cmex10' loaded for size
(Font)              <12> on input line 27.
LaTeX Font Info:    External font `cmex10' loaded for size
(Font)              <8> on input line 27.
LaTeX Font Info:    External font `cmex10' loaded for size
(Font)              <6> on input line 27.
 [1

{/usr/share/texlive/texmf-dist/fonts/map/pdftex/updmap/pdftex.map}] (./safe-devicelocatorui.toc
LaTeX Font Info:    External font `cmex10' loaded for size
(Font)              <7> on input line 5.
LaTeX Font Info:    External font `cmex10' loaded for size
(Font)              <5> on input line 5.
)
\tf@toc=\write5
\openout5 = `safe-devicelocatorui.toc'.

 [1

] [2] [3]
LaTeX Font Info:    Trying to load font information for T1+cmtt on input line 109.
 (/usr/share/texlive/texmf-dist/tex/latex/base/t1cmtt.fd
File: t1cmtt.fd 2019/12/16 v2.5j Standard LaTeX font definitions
) [4]
<figure/marker_flutter.png, id=55, 963.6pt x 536.0025pt>
File: figure/marker_flutter.png Graphic file (type png)
<use figure/marker_flutter.png>
Package pdftex.def Info: figure/marker_flutter.png  used on input line 122.
(pdftex.def)             Requested size: 345.0pt x 191.90569pt.
<figure/heatmap_flutter_small.png, id=57, 963.6pt x 536.0025pt>
File: figure/heatmap_flutter_small.png Graphic file (type png)
<use figure/heatmap_flutter_small.png>
Package pdftex.def Info: figure/heatmap_flutter_small.png  used on input line 132.
(pdftex.def)             Requested size: 241.49895pt x 134.32744pt.
<figure/heatmap_flutter_large.png, id=58, 963.6pt x 536.0025pt>
File: figure/heatmap_flutter_large.png Graphic file (type png)
<use figure/heatmap_flutter_large.png>
Package pdftex.def Info: figure/heatmap_flutter_large.png  used on input line 133.
(pdftex.def)             Requested size: 241.49895pt x 134.32744pt.
 [5 <./figure/marker_flutter.png>]
<figure/ionicreact_2iterazione_large.png, id=63, 2890.8pt x 1806.75pt>
File: figure/ionicreact_2iterazione_large.png Graphic file (type png)
<use figure/ionicreact_2iterazione_large.png>
Package pdftex.def Info: figure/ionicreact_2iterazione_large.png  used on input line 155.
(pdftex.def)             Requested size: 241.49895pt x 150.91133pt.
<figure/ionicreact_2iterazione_small.png, id=64, 2890.8pt x 1806.75pt>
File: figure/ionicreact_2iterazione_small.png Graphic file (type png)
<use figure/ionicreact_2iterazione_small.png>
Package pdftex.def Info: figure/ionicreact_2iterazione_small.png  used on input line 156.
(pdftex.def)             Requested size: 241.49895pt x 150.91133pt.
 [6 <./figure/heatmap_flutter_small.png> <./figure/heatmap_flutter_large.png>] [7 <./figure/ionicreact_2iterazione_large.png> <./figure/ionicreact_2iterazione_small.png>]
<figure/ionicreact_3iterazione_geolocalizzazione.png, id=76, 2890.8pt x 1806.75pt>
File: figure/ionicreact_3iterazione_geolocalizzazione.png Graphic file (type png)
<use figure/ionicreact_3iterazione_geolocalizzazione.png>
Package pdftex.def Info: figure/ionicreact_3iterazione_geolocalizzazione.png  used on input line 184.
(pdftex.def)             Requested size: 241.49895pt x 150.91133pt.
<figure/ionicreact_3iterazione_menu1.png, id=77, 2890.8pt x 1806.75pt>
File: figure/ionicreact_3iterazione_menu1.png Graphic file (type png)
<use figure/ionicreact_3iterazione_menu1.png>
Package pdftex.def Info: figure/ionicreact_3iterazione_menu1.png  used on input line 185.
(pdftex.def)             Requested size: 169.0519pt x 105.64345pt.
<figure/ionicreact_3iterazione_menu2.png, id=78, 2890.8pt x 1806.75pt>
File: figure/ionicreact_3iterazione_menu2.png Graphic file (type png)
<use figure/ionicreact_3iterazione_menu2.png>
Package pdftex.def Info: figure/ionicreact_3iterazione_menu2.png  used on input line 186.
(pdftex.def)             Requested size: 169.0519pt x 105.64345pt.
 [8] [9 <./figure/ionicreact_3iterazione_geolocalizzazione.png> <./figure/ionicreact_3iterazione_menu1.png> <./figure/ionicreact_3iterazione_menu2.png>] [10

] (./safe-devicelocatorui.aux)
Package logreq Info: Writing requests to 'safe-devicelocatorui.run.xml'.
\openout1 = `safe-devicelocatorui.run.xml'.

 ) 
Here is how much of TeX's memory you used:
 24602 strings out of 480616
 479160 string characters out of 5906382
 1127750 words of memory out of 6000000
 40101 multiletter control sequences out of 15000+600000
 544017 words of font info for 46 fonts, out of 8000000 for 9000
 1137 hyphenation exceptions out of 8191
 68i,7n,87p,1126b,1304s stack positions out of 5000i,500n,10000p,200000b,80000s
{/usr/share/texlive/texmf-dist/fonts/enc/dvips/cm-super/cm-super-t1.enc}{/usr/share/texlive/texmf-dist/fonts/enc/dvips/cm-super/cm-super-ts1.enc}</usr/share/texlive/texmf-dist/fonts/type1/public/cm-super/sfbx1000.pfb></usr/share/texlive/texmf-dist/fonts/type1/public/cm-super/sfbx1200.pfb></usr/share/texlive/texmf-dist/fonts/type1/public/cm-super/sfbx1440.pfb></usr/share/texlive/texmf-dist/fonts/type1/public/cm-super/sfbx2488.pfb></usr/share/texlive/texmf-dist/fonts/type1/public/cm-super/sfcc1000.pfb></usr/share/texlive/texmf-dist/fonts/type1/public/cm-super/sfrm1000.pfb></usr/share/texlive/texmf-dist/fonts/type1/public/cm-super/sfrm1200.pfb></usr/share/texlive/texmf-dist/fonts/type1/public/cm-super/sfrm1728.pfb></usr/share/texlive/texmf-dist/fonts/type1/public/cm-super/sfti1000.pfb></usr/share/texlive/texmf-dist/fonts/type1/public/cm-super/sftt1000.pfb>
Output written on safe-devicelocatorui.pdf (11 pages, 6586357 bytes).
PDF statistics:
 128 PDF objects out of 1000 (max. 8388607)
 72 compressed objects within 1 object stream
 0 named destinations out of 1000 (max. 500000)
 149 words of extra memory for PDF output out of 10000 (max. 10000000)

